TN:
SF:/home/lore/workspaces/promiselite/src/promiselite.js
FN:7,(anonymous_1)
FN:11,(anonymous_2)
FN:24,(anonymous_3)
FN:28,(anonymous_4)
FN:37,(anonymous_5)
FN:46,(anonymous_6)
FN:55,(anonymous_7)
FN:64,(anonymous_8)
FN:73,(anonymous_9)
FN:77,(anonymous_10)
FN:83,(anonymous_11)
FN:95,(anonymous_12)
FN:112,(anonymous_13)
FN:119,(anonymous_14)
FN:144,(anonymous_15)
FN:167,(anonymous_16)
FN:181,(anonymous_17)
FN:196,(anonymous_18)
FN:218,(anonymous_19)
FN:228,(anonymous_20)
FN:243,(anonymous_21)
FN:255,(anonymous_22)
FN:263,(anonymous_23)
FN:280,(anonymous_24)
FN:281,(anonymous_25)
FN:285,(anonymous_26)
FN:307,(anonymous_27)
FN:314,(anonymous_28)
FN:315,(anonymous_29)
FN:318,(anonymous_30)
FN:339,(anonymous_31)
FN:347,(anonymous_32)
FN:357,(anonymous_33)
FN:358,(anonymous_34)
FN:361,(anonymous_35)
FNF:35
FNH:34
FNDA:40,(anonymous_1)
FNDA:170,(anonymous_2)
FNDA:46,(anonymous_3)
FNDA:51,(anonymous_4)
FNDA:151,(anonymous_5)
FNDA:26,(anonymous_6)
FNDA:95,(anonymous_7)
FNDA:73,(anonymous_8)
FNDA:0,(anonymous_9)
FNDA:97,(anonymous_10)
FNDA:46,(anonymous_11)
FNDA:46,(anonymous_12)
FNDA:51,(anonymous_13)
FNDA:51,(anonymous_14)
FNDA:71,(anonymous_15)
FNDA:80,(anonymous_16)
FNDA:112,(anonymous_17)
FNDA:129,(anonymous_18)
FNDA:57,(anonymous_19)
FNDA:7,(anonymous_20)
FNDA:73,(anonymous_21)
FNDA:4,(anonymous_22)
FNDA:9,(anonymous_23)
FNDA:12,(anonymous_24)
FNDA:6,(anonymous_25)
FNDA:3,(anonymous_26)
FNDA:6,(anonymous_27)
FNDA:18,(anonymous_28)
FNDA:3,(anonymous_29)
FNDA:3,(anonymous_30)
FNDA:4,(anonymous_31)
FNDA:8,(anonymous_32)
FNDA:12,(anonymous_33)
FNDA:3,(anonymous_34)
FNDA:8,(anonymous_35)
DA:1,1
DA:7,1
DA:8,40
DA:11,1
DA:14,170
DA:15,0
DA:18,170
DA:19,170
DA:20,170
DA:21,170
DA:22,170
DA:24,170
DA:25,46
DA:28,170
DA:29,51
DA:37,170
DA:38,151
DA:46,170
DA:47,26
DA:55,170
DA:56,95
DA:64,170
DA:65,73
DA:73,170
DA:74,0
DA:77,170
DA:78,97
DA:79,97
DA:80,97
DA:83,170
DA:85,46
DA:86,13
DA:89,46
DA:90,31
DA:93,46
DA:95,46
DA:96,46
DA:97,46
DA:102,6
DA:103,1
DA:105,5
DA:112,170
DA:113,51
DA:114,18
DA:117,51
DA:119,51
DA:120,51
DA:121,51
DA:122,0
DA:124,51
DA:128,5
DA:129,1
DA:131,4
DA:144,170
DA:145,71
DA:146,0
DA:149,71
DA:150,71
DA:152,71
DA:153,36
DA:154,36
DA:155,2
DA:157,36
DA:167,170
DA:168,80
DA:169,0
DA:172,80
DA:173,80
DA:175,80
DA:176,44
DA:177,44
DA:181,170
DA:183,112
DA:196,170
DA:198,129
DA:199,112
DA:200,112
DA:203,17
DA:204,10
DA:207,7
DA:208,7
DA:218,170
DA:219,57
DA:228,170
DA:229,7
DA:232,170
DA:233,102
DA:243,1
DA:244,73
DA:255,1
DA:256,4
DA:257,4
DA:259,4
DA:260,4
DA:261,4
DA:263,4
DA:264,9
DA:265,9
DA:266,16
DA:267,16
DA:268,3
DA:269,3
DA:273,6
DA:274,1
DA:278,4
DA:280,4
DA:281,12
DA:282,6
DA:283,6
DA:284,6
DA:286,3
DA:287,3
DA:288,3
DA:292,4
DA:293,12
DA:294,12
DA:297,4
DA:307,1
DA:308,6
DA:309,6
DA:310,6
DA:311,6
DA:313,6
DA:314,6
DA:315,18
DA:316,3
DA:317,3
DA:319,3
DA:320,3
DA:324,6
DA:325,18
DA:326,18
DA:329,6
DA:339,1
DA:340,4
DA:341,4
DA:343,4
DA:344,4
DA:345,4
DA:347,4
DA:348,8
DA:349,18
DA:350,7
DA:353,1
DA:356,4
DA:357,4
DA:358,12
DA:359,3
DA:360,3
DA:362,8
DA:363,8
DA:365,8
DA:366,1
DA:371,4
DA:372,12
DA:373,12
DA:376,4
DA:379,1
LF:158
LH:153
BRDA:14,1,0,0
BRDA:14,1,1,170
BRDA:14,2,0,170
BRDA:14,2,1,102
BRDA:22,3,0,170
BRDA:22,3,1,73
BRDA:65,4,0,73
BRDA:65,4,1,72
BRDA:85,5,0,13
BRDA:85,5,1,33
BRDA:89,6,0,31
BRDA:89,6,1,15
BRDA:102,7,0,1
BRDA:102,7,1,5
BRDA:102,8,0,6
BRDA:102,8,1,6
BRDA:113,9,0,18
BRDA:113,9,1,33
BRDA:121,10,0,0
BRDA:121,10,1,51
BRDA:121,11,0,51
BRDA:121,11,1,18
BRDA:128,12,0,1
BRDA:128,12,1,4
BRDA:145,13,0,0
BRDA:145,13,1,71
BRDA:152,14,0,36
BRDA:152,14,1,35
BRDA:154,15,0,2
BRDA:154,15,1,34
BRDA:168,16,0,0
BRDA:168,16,1,80
BRDA:175,17,0,44
BRDA:175,17,1,36
BRDA:198,18,0,112
BRDA:198,18,1,17
BRDA:203,19,0,10
BRDA:203,19,1,7
BRDA:203,20,0,17
BRDA:203,20,1,10
BRDA:207,21,0,7
BRDA:207,21,1,0
BRDA:207,22,0,7
BRDA:207,22,1,7
BRDA:232,23,0,102
BRDA:232,23,1,68
BRDA:267,24,0,3
BRDA:267,24,1,13
BRDA:273,25,0,1
BRDA:273,25,1,5
BRDA:349,26,0,7
BRDA:349,26,1,11
BRDA:365,27,0,1
BRDA:365,27,1,7
BRF:54
BRH:49
end_of_record
